10:46:00.891 [main] INFO  factory.BaseClass - Clicked Used Cars in Chennai
10:46:01.739 [main] INFO  factory.BaseClass - Clicked Read More
10:46:02.627 [main] INFO  factory.BaseClass - Printed Popular Cars
10:46:09.946 [main] INFO  factory.BaseClass - Clicked login button
10:46:28.221 [main] INFO  factory.BaseClass - Clicked Sign in with google
10:46:28.617 [main] INFO  factory.BaseClass - Switched to Google sign in window
10:46:30.326 [main] INFO  factory.BaseClass - Got the error Message
10:55:22.733 [main] INFO  factory.BaseClass - Navigated to upcoming bikes page
10:55:26.674 [main] INFO  factory.BaseClass - Selected Honda in dropdown
10:55:29.336 [main] INFO  factory.BaseClass - Printed the Upcoming Bikes
10:55:37.485 [main] INFO  factory.BaseClass - Hovered on Used Cars
10:55:37.841 [main] INFO  factory.BaseClass - Clicked Used Cars in Chennai
10:55:39.056 [main] INFO  factory.BaseClass - Clicked Read More
10:55:39.824 [main] INFO  factory.BaseClass - Printed Popular Cars
10:55:47.533 [main] INFO  factory.BaseClass - Clicked login button
10:57:10.541 [main] INFO  factory.BaseClass - Navigated to upcoming bikes page
10:57:14.139 [main] INFO  factory.BaseClass - Selected Honda in dropdown
10:57:16.591 [main] INFO  factory.BaseClass - Printed the Upcoming Bikes
10:57:24.749 [main] INFO  factory.BaseClass - Hovered on Used Cars
10:57:25.120 [main] INFO  factory.BaseClass - Clicked Used Cars in Chennai
10:57:25.899 [main] INFO  factory.BaseClass - Clicked Read More
10:57:26.638 [main] INFO  factory.BaseClass - Printed Popular Cars
10:57:33.850 [main] INFO  factory.BaseClass - Clicked login button
10:57:40.887 [main] INFO  factory.BaseClass - Clicked Sign in with google
10:57:41.233 [main] INFO  factory.BaseClass - Switched to Google sign in window
10:57:43.355 [main] INFO  factory.BaseClass - Got the error Message
10:58:29.603 [main] INFO  factory.BaseClass - Navigated to upcoming bikes page
10:58:33.764 [main] INFO  factory.BaseClass - Selected Honda in dropdown
10:58:36.418 [main] INFO  factory.BaseClass - Printed the Upcoming Bikes
10:58:44.556 [main] INFO  factory.BaseClass - Hovered on Used Cars
10:58:44.988 [main] INFO  factory.BaseClass - Clicked Used Cars in Chennai
10:58:45.801 [main] INFO  factory.BaseClass - Clicked Read More
10:58:46.654 [main] INFO  factory.BaseClass - Printed Popular Cars
10:58:54.513 [main] INFO  factory.BaseClass - Clicked login button
10:59:10.210 [main] INFO  factory.BaseClass - Clicked Sign in with google
10:59:10.608 [main] INFO  factory.BaseClass - Switched to Google sign in window
10:59:12.675 [main] INFO  factory.BaseClass - Got the error Message
11:00:02.117 [main] INFO  factory.BaseClass - Navigated to upcoming bikes page
11:00:06.100 [main] INFO  factory.BaseClass - Selected Honda in dropdown
11:00:08.959 [main] INFO  factory.BaseClass - Printed the Upcoming Bikes
11:00:16.994 [main] INFO  factory.BaseClass - Hovered on Used Cars
11:00:17.440 [main] INFO  factory.BaseClass - Clicked Used Cars in Chennai
11:00:18.211 [main] INFO  factory.BaseClass - Clicked Read More
11:00:19.059 [main] INFO  factory.BaseClass - Printed Popular Cars
11:00:26.881 [main] INFO  factory.BaseClass - Clicked login button
11:04:54.054 [main] INFO  factory.BaseClass - Clicked login button
11:17:17.752 [main] INFO  factory.BaseClass - Navigated to upcoming bikes page
11:17:21.707 [main] INFO  factory.BaseClass - Selected Honda in dropdown
11:17:24.908 [main] INFO  factory.BaseClass - Printed the Upcoming Bikes
11:17:33.163 [main] INFO  factory.BaseClass - Hovered on Used Cars
11:17:33.626 [main] INFO  factory.BaseClass - Clicked Used Cars in Chennai
11:17:34.580 [main] INFO  factory.BaseClass - Clicked Read More
11:17:35.531 [main] INFO  factory.BaseClass - Printed Popular Cars
11:17:43.454 [main] INFO  factory.BaseClass - Clicked login button
11:17:49.480 [main] INFO  factory.BaseClass - Clicked Sign in with google
11:17:49.947 [main] INFO  factory.BaseClass - Switched to Google sign in window
11:17:51.845 [main] INFO  factory.BaseClass - Got the error Message
11:19:18.666 [main] INFO  factory.BaseClass - Clicked login button
11:19:24.679 [main] INFO  factory.BaseClass - Clicked Sign in with google
11:19:25.122 [main] INFO  factory.BaseClass - Switched to Google sign in window
11:19:28.461 [main] INFO  factory.BaseClass - Got the error Message
11:21:58.310 [main] INFO  factory.BaseClass - Clicked login button
11:22:42.071 [main] INFO  factory.BaseClass - Clicked login button
11:22:42.836 [main] INFO  factory.BaseClass - Clicked Sign in with google
11:22:43.280 [main] INFO  factory.BaseClass - Switched to Google sign in window
11:22:45.622 [main] INFO  factory.BaseClass - Got the error Message
11:23:11.764 [main] INFO  factory.BaseClass - Navigated to upcoming bikes page
11:23:15.624 [main] INFO  factory.BaseClass - Selected Honda in dropdown
11:23:18.404 [main] INFO  factory.BaseClass - Printed the Upcoming Bikes
11:23:27.028 [main] INFO  factory.BaseClass - Hovered on Used Cars
11:23:27.428 [main] INFO  factory.BaseClass - Clicked Used Cars in Chennai
11:23:28.339 [main] INFO  factory.BaseClass - Clicked Read More
11:23:29.176 [main] INFO  factory.BaseClass - Printed Popular Cars
11:23:36.528 [main] INFO  factory.BaseClass - Clicked login button
11:23:49.583 [main] INFO  factory.BaseClass - Clicked Sign in with google
11:23:49.940 [main] INFO  factory.BaseClass - Switched to Google sign in window
11:23:51.959 [main] INFO  factory.BaseClass - Got the error Message
11:25:01.249 [main] INFO  factory.BaseClass - Navigated to upcoming bikes page
11:25:05.212 [main] INFO  factory.BaseClass - Selected Honda in dropdown
11:25:07.557 [main] INFO  factory.BaseClass - Printed the Upcoming Bikes
11:25:16.958 [main] INFO  factory.BaseClass - Hovered on Used Cars
11:25:17.360 [main] INFO  factory.BaseClass - Clicked Used Cars in Chennai
11:25:18.230 [main] INFO  factory.BaseClass - Clicked Read More
11:25:19.077 [main] INFO  factory.BaseClass - Printed Popular Cars
11:25:26.394 [main] INFO  factory.BaseClass - Clicked login button
11:29:52.550 [main] INFO  factory.BaseClass - ==================Clicked login button=======================
11:29:52.977 [main] INFO  factory.BaseClass - ======================Clicked Sign in with google=====================
11:29:53.517 [main] INFO  factory.BaseClass - =======================Switched to Google sign in window======================
11:29:55.858 [main] INFO  factory.BaseClass - ==================Got the error Message=========================
11:30:17.188 [main] INFO  factory.BaseClass - ==================Clicked login button=======================
11:30:17.640 [main] INFO  factory.BaseClass - ======================Clicked Sign in with google=====================
11:30:18.195 [main] INFO  factory.BaseClass - =======================Switched to Google sign in window======================
11:30:39.958 [main] INFO  factory.BaseClass - Navigated to upcoming bikes page
11:30:43.676 [main] INFO  factory.BaseClass - Selected Honda in dropdown
11:30:46.735 [main] INFO  factory.BaseClass - Printed the Upcoming Bikes
11:30:55.185 [main] INFO  factory.BaseClass - Hovered on Used Cars
11:30:55.581 [main] INFO  factory.BaseClass - Clicked Used Cars in Chennai
11:30:56.570 [main] INFO  factory.BaseClass - Clicked Read More
11:30:57.484 [main] INFO  factory.BaseClass - Printed Popular Cars
11:31:07.993 [main] INFO  factory.BaseClass - ==================Clicked login button=======================
11:31:08.555 [main] INFO  factory.BaseClass - ======================Clicked Sign in with google=====================
11:31:09.064 [main] INFO  factory.BaseClass - =======================Switched to Google sign in window======================
11:31:10.931 [main] INFO  factory.BaseClass - ==================Got the error Message=========================
11:32:49.433 [main] INFO  factory.BaseClass - Navigated to upcoming bikes page
11:32:53.217 [main] INFO  factory.BaseClass - Selected Honda in dropdown
11:32:56.225 [main] INFO  factory.BaseClass - Printed the Upcoming Bikes
11:33:04.730 [main] INFO  factory.BaseClass - Hovered on Used Cars
11:33:05.130 [main] INFO  factory.BaseClass - Clicked Used Cars in Chennai
11:33:06.107 [main] INFO  factory.BaseClass - Clicked Read More
11:33:06.956 [main] INFO  factory.BaseClass - Printed Popular Cars
11:33:17.880 [main] INFO  factory.BaseClass - ==================Clicked login button=======================
11:33:18.467 [main] INFO  factory.BaseClass - ======================Clicked Sign in with google=====================
11:33:19.069 [main] INFO  factory.BaseClass - =======================Switched to Google sign in window======================
11:33:21.166 [main] INFO  factory.BaseClass - ==================Got the error Message=========================
11:40:19.829 [main] INFO  factory.BaseClass - Navigated to upcoming bikes page
11:40:23.816 [main] INFO  factory.BaseClass - Selected Honda in dropdown
11:40:26.675 [main] INFO  factory.BaseClass - Printed the Upcoming Bikes
11:40:35.824 [main] INFO  factory.BaseClass - Hovered on Used Cars
11:40:36.311 [main] INFO  factory.BaseClass - Clicked Used Cars in Chennai
11:40:37.554 [main] INFO  factory.BaseClass - Clicked Read More
11:40:38.494 [main] INFO  factory.BaseClass - Printed Popular Cars
11:40:49.294 [main] INFO  factory.BaseClass - ==================Clicked login button=======================
11:40:49.833 [main] INFO  factory.BaseClass - ======================Clicked Sign in with google=====================
11:40:50.259 [main] INFO  factory.BaseClass - =======================Switched to Google sign in window======================
11:40:51.999 [main] INFO  factory.BaseClass - ==================Got the error Message=========================
10:02:11.051 [main] INFO  factory.BaseClass - Navigated to upcoming bikes page
10:02:15.854 [main] INFO  factory.BaseClass - Selected Honda in dropdown
